Added Component: Designator=IC1(SOT89N)
Add component. Clean all parameters for all variants
Added Component: Designator=P2(HDR2X16)
Add component. Clean all parameters for all variants
Add component (AddParameter): Name = "LatestRevisionDate"; Value = "17-Jul-2002"; VariantName = "[No Variations]"
Add component (AddParameter): Name = "LatestRevisionNote"; Value = "Re-released for DXP Platform."; VariantName = "[No Variations]"
Add component (AddParameter): Name = "Publisher"; Value = "Altium Limited"; VariantName = "[No Variations]"
Added Component: Designator=U1(LQFP48_M)
Add component. Clean all parameters for all variants
Add component (AddParameter): Name = "ComponentLink1Description"; Value = "Manufacturer Link"; VariantName = "[No Variations]"
Add component (AddParameter): Name = "ComponentLink1URL"; Value = "www.st.com/stm32"; VariantName = "[No Variations]"
Add component (AddParameter): Name = "ComponentLink2Description"; Value = "Datasheet"; VariantName = "[No Variations]"
Add component (AddParameter): Name = "ComponentLink2URL"; Value = "http://www.st.com/stonline/products/literature/ds/13587.pdf"; VariantName = "[No Variations]"
Add component (AddParameter): Name = "DatasheetVersion"; Value = "rev6, Mar-2008"; VariantName = "[No Variations]"
Add component (AddParameter): Name = "PackageDescription"; Value = "48-Pin Low-Profile Quad Flat Pack, 7 x 7 mm Body, 0.5 mm Pitch (LQFP48)"; VariantName = "[No Variations]"
Add component (AddParameter): Name = "PackageReference"; Value = "LQFP48"; VariantName = "[No Variations]"
Add component (AddParameter): Name = "PackageVersion"; Value = "Mar-2008"; VariantName = "[No Variations]"
Add component (AddParameter): Name = "Published"; Value = "30-May-2008"; VariantName = "[No Variations]"
Add component (AddParameter): Name = "Publisher"; Value = "Altium Limited"; VariantName = "[No Variations]"
Added Pin To Net: NetName=+5 Pin=IC1-3
Added Net: Name=+5
Added Pin To Net: NetName=BOOT0 Pin=U1-44
Added Net: Name=BOOT0
Added Pin To Net: NetName=BOOT1 Pin=U1-20
Added Net: Name=BOOT1
Added Pin To Net: NetName=GND Pin=IC1-1
Added Pin To Net: NetName=GND Pin=U1-8
Added Pin To Net: NetName=GND Pin=U1-23
Added Pin To Net: NetName=GND Pin=U1-35
Added Pin To Net: NetName=GND Pin=U1-47
Added Net: Name=GND
Added Net: Name=NetD2_1
Added Net: Name=NetD3_1
Added Pin To Net: NetName=OSC_32K_IN Pin=U1-3
Added Net: Name=OSC_32K_IN
Added Pin To Net: NetName=OSC_32k_OUT Pin=U1-4
Added Net: Name=OSC_32k_OUT
Added Pin To Net: NetName=OSC_IN Pin=U1-5
Added Net: Name=OSC_IN
Added Pin To Net: NetName=OSC_OUT Pin=U1-6
Added Net: Name=OSC_OUT
Added Pin To Net: NetName=PA_0 Pin=P2-2
Added Pin To Net: NetName=PA_0 Pin=U1-10
Added Net: Name=PA_0
Added Pin To Net: NetName=PA_1 Pin=P2-4
Added Pin To Net: NetName=PA_1 Pin=U1-11
Added Net: Name=PA_1
Added Pin To Net: NetName=PA_2 Pin=P2-6
Added Pin To Net: NetName=PA_2 Pin=U1-12
Added Net: Name=PA_2
Added Pin To Net: NetName=PA_3 Pin=P2-8
Added Pin To Net: NetName=PA_3 Pin=U1-13
Added Net: Name=PA_3
Added Pin To Net: NetName=PA_4 Pin=P2-10
Added Pin To Net: NetName=PA_4 Pin=U1-14
Added Net: Name=PA_4
Added Pin To Net: NetName=PA_5 Pin=P2-12
Added Pin To Net: NetName=PA_5 Pin=U1-15
Added Net: Name=PA_5
Added Pin To Net: NetName=PA_6 Pin=P2-14
Added Pin To Net: NetName=PA_6 Pin=U1-16
Added Net: Name=PA_6
Added Pin To Net: NetName=PA_7 Pin=P2-16
Added Pin To Net: NetName=PA_7 Pin=U1-17
Added Net: Name=PA_7
Added Pin To Net: NetName=PA_9 Pin=P2-20
Added Pin To Net: NetName=PA_9 Pin=U1-30
Added Net: Name=PA_9
Added Pin To Net: NetName=PA_10 Pin=P2-22
Added Pin To Net: NetName=PA_10 Pin=U1-31
Added Net: Name=PA_10
Added Pin To Net: NetName=PB0 Pin=P2-31
Added Pin To Net: NetName=PB0 Pin=U1-18
Added Net: Name=PB0
Added Pin To Net: NetName=PB1 Pin=P2-29
Added Pin To Net: NetName=PB1 Pin=U1-19
Added Net: Name=PB1
Added Pin To Net: NetName=PB3 Pin=P2-25
Added Pin To Net: NetName=PB3 Pin=U1-39
Added Net: Name=PB3
Added Pin To Net: NetName=PB4 Pin=P2-23
Added Pin To Net: NetName=PB4 Pin=U1-40
Added Net: Name=PB4
Added Pin To Net: NetName=PB5 Pin=P2-21
Added Pin To Net: NetName=PB5 Pin=U1-41
Added Net: Name=PB5
Added Pin To Net: NetName=PB6 Pin=P2-19
Added Pin To Net: NetName=PB6 Pin=U1-42
Added Net: Name=PB6
Added Pin To Net: NetName=PB7 Pin=P2-17
Added Pin To Net: NetName=PB7 Pin=U1-43
Added Net: Name=PB7
Added Pin To Net: NetName=PB8 Pin=P2-15
Added Pin To Net: NetName=PB8 Pin=U1-45
Added Net: Name=PB8
Added Pin To Net: NetName=PB9 Pin=P2-13
Added Pin To Net: NetName=PB9 Pin=U1-46
Added Net: Name=PB9
Added Pin To Net: NetName=PB10 Pin=P2-11
Added Pin To Net: NetName=PB10 Pin=U1-21
Added Net: Name=PB10
Added Pin To Net: NetName=PB11 Pin=P2-9
Added Pin To Net: NetName=PB11 Pin=U1-22
Added Net: Name=PB11
Added Pin To Net: NetName=PB12 Pin=P2-7
Added Pin To Net: NetName=PB12 Pin=U1-25
Added Net: Name=PB12
Added Pin To Net: NetName=PB13 Pin=P2-5
Added Pin To Net: NetName=PB13 Pin=U1-26
Added Net: Name=PB13
Added Pin To Net: NetName=PB14 Pin=P2-3
Added Pin To Net: NetName=PB14 Pin=U1-27
Added Net: Name=PB14
Added Pin To Net: NetName=PB15 Pin=P2-1
Added Pin To Net: NetName=PB15 Pin=U1-28
Added Net: Name=PB15
Added Pin To Net: NetName=RES Pin=U1-7
Added Net: Name=RES
Added Pin To Net: NetName=SWCLK Pin=P2-30
Added Pin To Net: NetName=SWCLK Pin=U1-37
Added Net: Name=SWCLK
Added Pin To Net: NetName=SWDIO Pin=P2-32
Added Pin To Net: NetName=SWDIO Pin=U1-34
Added Net: Name=SWDIO
Added Pin To Net: NetName=USB D+ Pin=U1-33
Added Net: Name=USB D+
Added Pin To Net: NetName=USB D- Pin=U1-32
Added Net: Name=USB D-
Added Pin To Net: NetName=VBAT Pin=IC1-2
Added Pin To Net: NetName=VBAT Pin=IC1-2
Added Pin To Net: NetName=VBAT Pin=U1-1
Added Pin To Net: NetName=VBAT Pin=U1-9
Added Pin To Net: NetName=VBAT Pin=U1-24
Added Pin To Net: NetName=VBAT Pin=U1-36
Added Pin To Net: NetName=VBAT Pin=U1-48
Added Net: Name=VBAT
Added Class: Name=Faith ruler
Added Room: Name=Faith ruler
